Flutter crash report.
Please report a bug at https://github.com/flutter/flutter/issues.

## command

flutter --no-version-check run -d web-server --web-hostname 127.0.0.1 --web-port 8080

## exception

_TypeError: Null check operator used on a null value

```
#0      loadDwdsDirectory (package:flutter_tools/src/isolated/web_server_utilities.dart:37:52)
<asynchronous suspension>
#1      WebAssetServer.start (package:flutter_tools/src/isolated/web_asset_server.dart:329:33)
<asynchronous suspension>
#2      WebDevFS.create (package:flutter_tools/src/isolated/devfs_web.dart:205:22)
<asynchronous suspension>
#3      ResidentWebRunner.run.<anonymous closure> (package:flutter_tools/src/isolated/resident_web_runner.dart:324:19)
<asynchronous suspension>
#4      asyncGuard.<anonymous closure> (package:flutter_tools/src/base/async_guard.dart:108:24)
<asynchronous suspension>
```

## flutter doctor

```
[✓] Flutter (Channel stable, 3.44.3, on macOS 14.4.1 23E224 darwin-x64, locale en-IT) [1,303ms]
    • Flutter version 3.44.3 on channel stable at /opt/homebrew/share/flutter
    • Upstream repository https://github.com/flutter/flutter.git
    • Framework revision e1fd963c6f (5 days ago), 2026-06-18 14:59:18 -0700
    • Engine revision a4ce257c68
    • Dart version 3.12.2
    • DevTools version 2.57.0
    • Feature flags: enable-web, enable-linux-desktop, enable-macos-desktop, enable-windows-desktop, enable-android, enable-ios, cli-animations, enable-native-assets, enable-swift-package-manager, omit-legacy-version-file, enable-lldb-debugging, enable-uiscene-migration

[✗] Android toolchain - develop for Android devices [200ms]
    • Android SDK at /opt/homebrew/Caskroom/android-platform-tools/35.0.2
    • Emulator version unknown
    ✗ cmdline-tools component is missing.
      Try installing or updating Android Studio.
      Alternatively, download the tools from https://developer.android.com/studio#command-line-tools-only and make sure to set the ANDROID_HOME environment variable.
      See https://developer.android.com/studio/command-line for more details.

[!] Xcode - develop for iOS and macOS [258ms]
    ✗ Xcode installation is incomplete; a full installation is necessary for iOS and macOS development.
      Download at: https://developer.apple.com/xcode/
      Or install Xcode via the App Store.
      Once installed, run:
        sudo xcode-select --switch /Applications/Xcode.app/Contents/Developer
        sudo xcodebuild -runFirstLaunch
    ! CocoaPods not installed.
        CocoaPods is a package manager for iOS or macOS platform code.
        Without CocoaPods, plugins will not work on iOS or macOS.
        For more info, see https://flutter.dev/to/platform-plugins
      For installation instructions, see https://guides.cocoapods.org/using/getting-started.html#installation

[✓] Chrome - develop for the web [133ms]
    • Chrome at /Applications/Google Chrome.app/Contents/MacOS/Google Chrome

[✓] Connected device (3 available) [2.1s]
    • macOS (desktop)  • macos      • darwin-x64     • macOS 14.4.1 23E224 darwin-x64
    • Web Server (web) • web-server • web-javascript • Flutter Tools
    • Chrome (web)     • chrome     • web-javascript • Google Chrome 149.0.7827.156

[✓] Network resources [820ms]
    • All expected network resources are available.

! Doctor found issues in 2 categories.
```
